23:59:52 **** Incremental Build of configuration Keil 8051 v9.53 - Debug for project F99x-98x_SMBus_Master ****
make all 
PATH=/c/SiliconLabs/SimplicityStudio/v4/developer/toolchains/keil_8051/9.53/BIN:/c/SiliconLabs/SimplicityStudio/v4/support/8051:/usr/bin:/c/SiliconLabs/SimplicityStudio/v4/features/com.silabs.external.java.windows.x86.feature_1.8.0.92/jre/bin/client:/c/SiliconLabs/SimplicityStudio/v4/features/com.silabs.external.java.windows.x86.feature_1.8.0.92/jre/bin:/c/SiliconLabs/SimplicityStudio/v4/features/com.silabs.external.java.windows.x86.feature_1.8.0.92/jre/lib/i386:/c/ProgramData/Oracle/Java/javapath:/c/WINDOWS/system32:/c/WINDOWS:/c/WINDOWS/System32/Wbem:/c/WINDOWS/System32/WindowsPowerShell/v1.0/:/c/Program Files/nodejs/:/c/Program Files/Git/cmd:/c/Program Files/MATLAB/R2017b/runtime/win64:/c/Program Files/MATLAB/R2017b/bin:/c/Program Files/MySQL/MySQL Utilities 1.6/:/c/Users/Rilind/AppData/Local/Microsoft/WindowsApps:/c/Users/Rilind/AppData/Roaming/npm:/c/Program Files/Microsoft VS Code/bin:/c/Users/Rilind/AppData/Local/GitHubDesktop/bin:"C:/Android/:/c/Android/platform-tools":.:/c/SiliconLabs/SimplicityStudio/v4
 
Building file: ../src/F99x_SMBus_Master.c
Invoking: Keil 8051 Compiler
C51 "@src/F99x_SMBus_Master.__i" || test $? -lt 2

C51 COMPILER V9.53.0.0 - SN: K1RLC-L098RZ
COPYRIGHT Copyright (C) 2012 - 2014 ARM Ltd and ARM Germany GmbH. All rights reserved.

C51 COMPILATION COMPLETE.  0 WARNING(S),  0 ERROR(S)
Finished building: ../src/F99x_SMBus_Master.c
 
Building file: ../src/Interrupts.c
Invoking: Keil 8051 Compiler
C51 "@src/Interrupts.__i" || test $? -lt 2

C51 COMPILER V9.53.0.0 - SN: K1RLC-L098RZ
COPYRIGHT Copyright (C) 2012 - 2014 ARM Ltd and ARM Germany GmbH. All rights reserved.

C51 COMPILATION COMPLETE.  0 WARNING(S),  0 ERROR(S)
Finished building: ../src/Interrupts.c
 
Building target: F99x-98x_SMBus_Master.omf
Invoking: Keil 8051 Linker
LX51 "@F99x-98x_SMBus_Master.lnp" || test $? -lt 2

LX51 LINKER/LOCATER V4.66.30.0 - SN: K1RLC-L098RZ
COPYRIGHT ARM Germany GmbH 1995 - 2014
@F99x-98x_SMBus_Master.lnp "./src/F99x_SMBus_Master.OBJ",
"./src/InitDevice.OBJ",
"./src/Interrupts.OBJ",
"./src/SILABS_STARTUP.OBJ"
TO "F99X-98X_SMBUS_MASTER.OMF.CRBUILD" REMOVEUNUSED PRINT(.\F99x-98x_SMBus_Master.m51) PAGEWIDTH (120) PAGELENGTH (65) CLASSES( ECODE(C:0x0 - C:0x1ffe), HCONST(C:0x0 - C:0x1ffe), XDATA(X:0x0 - X:0xff), HDATA(X:0x0 - X:0xff))

Program Size: data=105.5 xdata=1 const=0 code=4782
LX51 RUN COMPLETE.  0 WARNING(S),  0 ERROR(S)
Finished building target: F99x-98x_SMBus_Master.omf

23:59:54 Build Finished (took 1s.864ms)

