C51 COMPILER V9.53.0.0   INTERRUPTS                                                        04/24/2018 12:57:53 PAGE 1   


C51 COMPILER V9.53.0.0, COMPILATION OF MODULE INTERRUPTS
OBJECT MODULE PLACED IN .\src\Interrupts.OBJ
COMPILER INVOKED BY: c:\SiliconLabs\SimplicityStudio\v4\developer\toolchains\keil_8051\9.53\BIN\C51.exe C:\Users\Rilind\
                    -Desktop\System_project\Exam_Project\Exam_Project_2\F99x-98x_SleepMode_PortMatchWake\src\Interrupts.c OMF2 SMALL DEBUG OB
                    -JECTEXTEND ROM(LARGE) WARNINGLEVEL(2) FLOATFUZZY(3) OPTIMIZE(8,SPEED) DEFINE(DEBUG=1) INTVECTOR(0X0000) INTPROMOTE INCDI
                    -R(C:/Users/Rilind/Desktop/System_project/Exam_Project/Exam_Project_2/F99x-98x_SleepMode_PortMatchWake/inc;C:/SiliconLabs
                    -/SimplicityStudio/v4/developer/sdks/8051/v4.1.1//Device/shared/si8051base;C:/SiliconLabs/SimplicityStudio/v4/developer/s
                    -dks/8051/v4.1.1//Device/C8051F990/inc) PRINT(.\src\Interrupts.lst) COND PAGEWIDTH(120) PAGELENGTH(65) OBJECT(.\src\Inter
                    -rupts.OBJ)

line level    source

   1          //=========================================================
   2          // src/Interrupts.c: generated by Hardware Configurator
   3          //
   4          // This file will be regenerated when saving a document.
   5          // leave the sections inside the "$[...]" comment tags alone
   6          // or they will be overwritten!
   7          //=========================================================
   8          
   9          
  10          // USER INCLUDES
  11          #include <SI_C8051F990_Register_Enums.h>
  12          
  13          //-----------------------------------------------------------------------------
  14          // Pin Declarations
  15          //-----------------------------------------------------------------------------
  16          
  17          SBIT (RED_LED,    SFR_P1, 5);          // '0' means ON, '1' means OFF
  18          
  19          //-----------------------------------------------------------------------------
  20          // TIMER2_ISR
  21          //-----------------------------------------------------------------------------
  22          //
  23          // TIMER2 ISR Content goes here. Remember to clear flag bits:
  24          // TMR2CN::TF2H (Timer # High Byte Overflow Flag)
  25          // TMR2CN::TF2L (Timer # Low Byte Overflow Flag)
  26          //
  27          //-----------------------------------------------------------------------------
  28          INTERRUPT (TIMER2_ISR, TIMER2_IRQn)
  29          {
  30   1              TMR2CN_TF2H = 0;                           // clear Timer2 interrupt flag
  31   1              RED_LED = !RED_LED;                 // change state of LED
  32   1      }
  33          


MODULE INFORMATION:   STATIC OVERLAYABLE
   CODE SIZE        =      8    ----
   CONSTANT SIZE    =   ----    ----
   XDATA SIZE       =   ----    ----
   PDATA SIZE       =   ----    ----
   DATA SIZE        =   ----    ----
   IDATA SIZE       =   ----    ----
   BIT SIZE         =   ----    ----
   EDATA SIZE       =   ----    ----
   HDATA SIZE       =   ----    ----
   XDATA CONST SIZE =   ----    ----
   FAR CONST SIZE   =   ----    ----
END OF MODULE INFORMATION.


C51 COMPILATION COMPLETE.  0 WARNING(S),  0 ERROR(S)
